<?xml version="1.0" encoding="UTF-8"?>
<testsuites name="jest tests" tests="3" failures="0" errors="0" time="4.543">
  <testsuite name="PlayButton" errors="0" failures="0" skipped="0" timestamp="2024-07-15T14:21:00" time="4.079" tests="3">
    <testcase classname="PlayButton renders PlayButton with faPlay icon when not playing" name="PlayButton renders PlayButton with faPlay icon when not playing" time="0.144">
    </testcase>
    <testcase classname="PlayButton renders PlayButton with faStop icon when playing" name="PlayButton renders PlayButton with faStop icon when playing" time="0.018">
    </testcase>
    <testcase classname="PlayButton calls onClick handler when PlayButton is clicked" name="PlayButton calls onClick handler when PlayButton is clicked" time="0.022">
    </testcase>
  </testsuite>
</testsuites>