<?xml version="1.0" encoding="UTF-8"?>
<testsuites name="jest tests" tests="2" failures="0" errors="0" time="3.231">
  <testsuite name="undefined" errors="0" failures="0" skipped="0" timestamp="2024-07-16T13:27:08" time="2.737" tests="2">
    <testcase classname=" changes volume via input range" name=" changes volume via input range" time="0.163">
    </testcase>
    <testcase classname=" changes volume via wheel event" name=" changes volume via wheel event" time="0.017">
    </testcase>
  </testsuite>
</testsuites>